<?xml version="1.0" encoding="UTF-8"?>
<testsuite xmlns:xsi="http://www.w3.org/2001/XMLSchema-instance" xsi:noNamespaceSchemaLocation="https://maven.apache.org/surefire/maven-surefire-plugin/xsd/surefire-test-report.xsd" version="3.0.2" name="top.ortus.lightmark.common.JwtTokenServiceTest" time="0.665" tests="1" errors="0" skipped="0" failures="0" flakes="0">
  <properties>
[...]
</properties>
  <testcase name="createAndResolveTokenShouldRoundTrip" classname="top.ortus.lightmark.common.JwtTokenServiceTest" time="0.663"/>
</testsuite>